<?xml version="1.0" encoding="UTF-8"?>
<testsuite name="com.maxnumgenerics.FindMaxTest" tests="3" skipped="0" failures="0" errors="0" timestamp="2021-06-11T15:49:28" hostname="LAPTOP-F926MLOJ" time="0.052">
  <properties/>
  <testcase name="ifNumberOneIsMaxReturnTrue()" classname="com.maxnumgenerics.FindMaxTest" time="0.045"/>
  <testcase name="ifNumberThreeIsMaxReturnTrue()" classname="com.maxnumgenerics.FindMaxTest" time="0.002"/>
  <testcase name="ifNumberTwoIsMaxReturnTrue()" classname="com.maxnumgenerics.FindMaxTest" time="0.001"/>
  <system-out><![CDATA[]]></system-out>
  <system-err><![CDATA[]]></system-err>
</testsuite>
